[0820/084745:WARNING:resource_bundle.cc(304)] locale_file_path.empty()
[0820/084745:ERROR:main_delegate.cc(564)] Could not load locale pak for en-US
[0820/084745:ERROR:main_delegate.cc(571)] Could not load cef.pak
[0820/084745:ERROR:main_delegate.cc(588)] Could not load cef_100_percent.pak
[0820/084745:WARNING:resource_bundle.cc(497)] locale resources are not loaded
[0820/084745:ERROR:gpu_info_collector_win.cc(145)] Could not read gaming score from assessment results.
[0820/084745:WARNING:resource_bundle.cc(304)] locale_file_path.empty()
[0820/084745:ERROR:main_delegate.cc(564)] Could not load locale pak for en-US
[0820/084745:ERROR:main_delegate.cc(571)] Could not load cef.pak
[0820/084745:ERROR:main_delegate.cc(588)] Could not load cef_100_percent.pak
[0820/084807:WARNING:resource_bundle.cc(304)] locale_file_path.empty()
[0820/084807:ERROR:main_delegate.cc(564)] Could not load locale pak for en-US
[0820/084807:ERROR:main_delegate.cc(571)] Could not load cef.pak
[0820/084807:ERROR:main_delegate.cc(588)] Could not load cef_100_percent.pak
[0820/084807:ERROR:renderer_main.cc(207)] Running without renderer sandbox
[0820/084808:WARNING:resource_bundle.cc(304)] locale_file_path.empty()
[0820/084808:ERROR:main_delegate.cc(564)] Could not load locale pak for en-US
[0820/084808:ERROR:main_delegate.cc(571)] Could not load cef.pak
[0820/084808:ERROR:main_delegate.cc(588)] Could not load cef_100_percent.pak
[0820/084808:ERROR:renderer_main.cc(207)] Running without renderer sandbox
[0821/085507:WARNING:resource_bundle.cc(304)] locale_file_path.empty()
[0821/085507:ERROR:main_delegate.cc(564)] Could not load locale pak for en-US
[0821/085507:ERROR:main_delegate.cc(571)] Could not load cef.pak
[0821/085507:ERROR:main_delegate.cc(588)] Could not load cef_100_percent.pak
[0821/085512:WARNING:resource_bundle.cc(497)] locale resources are not loaded
[0821/085516:ERROR:gpu_info_collector_win.cc(145)] Could not read gaming score from assessment results.
[0821/085517:WARNING:resource_bundle.cc(304)] locale_file_path.empty()
[0821/085517:ERROR:main_delegate.cc(564)] Could not load locale pak for en-US
[0821/085517:ERROR:main_delegate.cc(571)] Could not load cef.pak
[0821/085517:ERROR:main_delegate.cc(588)] Could not load cef_100_percent.pak
[0821/085529:WARNING:resource_bundle.cc(304)] locale_file_path.empty()
[0821/085529:ERROR:main_delegate.cc(564)] Could not load locale pak for en-US
[0821/085529:ERROR:main_delegate.cc(571)] Could not load cef.pak
[0821/085529:ERROR:main_delegate.cc(588)] Could not load cef_100_percent.pak
[0821/085530:WARNING:resource_bundle.cc(304)] locale_file_path.empty()
[0821/085530:ERROR:main_delegate.cc(564)] Could not load locale pak for en-US
[0821/085530:ERROR:main_delegate.cc(571)] Could not load cef.pak
[0821/085530:ERROR:main_delegate.cc(588)] Could not load cef_100_percent.pak
[0821/085533:ERROR:renderer_main.cc(207)] Running without renderer sandbox
[0821/085535:ERROR:renderer_main.cc(207)] Running without renderer sandbox
[0121/230052:WARNING:resource_bundle.cc(304)] locale_file_path.empty()
[0121/230052:ERROR:main_delegate.cc(564)] Could not load locale pak for en-US
[0121/230052:ERROR:main_delegate.cc(571)] Could not load cef.pak
[0121/230052:ERROR:main_delegate.cc(588)] Could not load cef_100_percent.pak
[0121/230052:WARNING:resource_bundle.cc(497)] locale resources are not loaded
[0121/230053:WARNING:resource_bundle.cc(304)] locale_file_path.empty()
[0121/230053:ERROR:main_delegate.cc(564)] Could not load locale pak for en-US
[0121/230053:ERROR:main_delegate.cc(571)] Could not load cef.pak
[0121/230053:ERROR:main_delegate.cc(588)] Could not load cef_100_percent.pak
[0121/230059:WARNING:resource_bundle.cc(304)] locale_file_path.empty()
[0121/230059:ERROR:main_delegate.cc(564)] Could not load locale pak for en-US
[0121/230059:ERROR:main_delegate.cc(571)] Could not load cef.pak
[0121/230059:ERROR:main_delegate.cc(588)] Could not load cef_100_percent.pak
[0121/230059:ERROR:renderer_main.cc(207)] Running without renderer sandbox
[0121/230059:WARNING:resource_bundle.cc(304)] locale_file_path.empty()
[0121/230059:ERROR:main_delegate.cc(564)] Could not load locale pak for en-US
[0121/230059:ERROR:main_delegate.cc(571)] Could not load cef.pak
[0121/230059:ERROR:main_delegate.cc(588)] Could not load cef_100_percent.pak
[0121/230059:ERROR:renderer_main.cc(207)] Running without renderer sandbox
[0121/230222:ERROR:content_client.cc(148)] No data resource available for id 4700
[0222/150547:WARNING:resource_bundle.cc(304)] locale_file_path.empty()
[0222/150547:ERROR:main_delegate.cc(564)] Could not load locale pak for en-US
[0222/150547:ERROR:main_delegate.cc(571)] Could not load cef.pak
[0222/150547:ERROR:main_delegate.cc(588)] Could not load cef_100_percent.pak
[0222/150547:WARNING:resource_bundle.cc(497)] locale resources are not loaded
[0222/150548:WARNING:resource_bundle.cc(304)] locale_file_path.empty()
[0222/150548:ERROR:main_delegate.cc(564)] Could not load locale pak for en-US
[0222/150548:ERROR:main_delegate.cc(571)] Could not load cef.pak
[0222/150548:ERROR:main_delegate.cc(588)] Could not load cef_100_percent.pak
[0222/150551:WARNING:resource_bundle.cc(304)] locale_file_path.empty()
[0222/150551:ERROR:main_delegate.cc(564)] Could not load locale pak for en-US
[0222/150551:ERROR:main_delegate.cc(571)] Could not load cef.pak
[0222/150551:ERROR:main_delegate.cc(588)] Could not load cef_100_percent.pak
[0222/150551:ERROR:renderer_main.cc(207)] Running without renderer sandbox
[0222/150551:WARNING:resource_bundle.cc(304)] locale_file_path.empty()
[0222/150551:ERROR:main_delegate.cc(564)] Could not load locale pak for en-US
[0222/150551:ERROR:main_delegate.cc(571)] Could not load cef.pak
[0222/150551:ERROR:main_delegate.cc(588)] Could not load cef_100_percent.pak
[0222/150551:ERROR:renderer_main.cc(207)] Running without renderer sandbox
[0222/171654:WARNING:resource_bundle.cc(304)] locale_file_path.empty()
[0222/171654:ERROR:main_delegate.cc(564)] Could not load locale pak for en-US
[0222/171654:ERROR:main_delegate.cc(571)] Could not load cef.pak
[0222/171654:ERROR:main_delegate.cc(588)] Could not load cef_100_percent.pak
[0222/171654:WARNING:resource_bundle.cc(497)] locale resources are not loaded
[0222/171654:WARNING:resource_bundle.cc(304)] locale_file_path.empty()
[0222/171654:ERROR:main_delegate.cc(564)] Could not load locale pak for en-US
[0222/171654:ERROR:main_delegate.cc(571)] Could not load cef.pak
[0222/171654:ERROR:main_delegate.cc(588)] Could not load cef_100_percent.pak
[0222/171657:WARNING:resource_bundle.cc(304)] locale_file_path.empty()
[0222/171657:ERROR:main_delegate.cc(564)] Could not load locale pak for en-US
[0222/171657:ERROR:main_delegate.cc(571)] Could not load cef.pak
[0222/171657:ERROR:main_delegate.cc(588)] Could not load cef_100_percent.pak
[0222/171657:ERROR:renderer_main.cc(207)] Running without renderer sandbox
[0222/171658:WARNING:resource_bundle.cc(304)] locale_file_path.empty()
[0222/171658:ERROR:main_delegate.cc(564)] Could not load locale pak for en-US
[0222/171658:ERROR:main_delegate.cc(571)] Could not load cef.pak
[0222/171658:ERROR:main_delegate.cc(588)] Could not load cef_100_percent.pak
[0222/171658:ERROR:renderer_main.cc(207)] Running without renderer sandbox
[0222/171730:WARNING:resource_bundle.cc(304)] locale_file_path.empty()
[0222/171730:ERROR:main_delegate.cc(564)] Could not load locale pak for en-US
[0222/171730:ERROR:main_delegate.cc(571)] Could not load cef.pak
[0222/171730:ERROR:main_delegate.cc(588)] Could not load cef_100_percent.pak
[0222/171730:ERROR:renderer_main.cc(207)] Running without renderer sandbox
[0222/172006:WARNING:resource_bundle.cc(304)] locale_file_path.empty()
[0222/172006:ERROR:main_delegate.cc(564)] Could not load locale pak for en-US
[0222/172006:ERROR:main_delegate.cc(571)] Could not load cef.pak
[0222/172006:ERROR:main_delegate.cc(588)] Could not load cef_100_percent.pak
[0222/172006:ERROR:renderer_main.cc(207)] Running without renderer sandbox
[0222/172214:ERROR:content_client.cc(148)] No data resource available for id 4700
[0222/224420:WARNING:resource_bundle.cc(304)] locale_file_path.empty()
[0222/224420:ERROR:main_delegate.cc(564)] Could not load locale pak for en-US
[0222/224420:ERROR:main_delegate.cc(571)] Could not load cef.pak
[0222/224420:ERROR:main_delegate.cc(588)] Could not load cef_100_percent.pak
[0222/224420:ERROR:renderer_main.cc(207)] Running without renderer sandbox
[0222/224552:ERROR:content_client.cc(148)] No data resource available for id 4700
[0222/224839:WARNING:resource_bundle.cc(304)] locale_file_path.empty()
[0222/224839:ERROR:main_delegate.cc(564)] Could not load locale pak for en-US
[0222/224839:ERROR:main_delegate.cc(571)] Could not load cef.pak
[0222/224839:ERROR:main_delegate.cc(588)] Could not load cef_100_percent.pak
[0222/224839:ERROR:renderer_main.cc(207)] Running without renderer sandbox
[0222/224901:ERROR:content_client.cc(148)] No data resource available for id 4700
